GAS LISTING /tmp/ccyb0qPD.s 			page 1


   1              		.file	"main.cpp"
   2              		.option pic
   3              		.option norelax
   4              		.text
   5              	.Ltext0:
   6              		.section	.rodata.str1.8,"aMS",@progbits,1
   7              		.align	3
   8              	.LC0:
   9 0000 6D656D5F 		.string	"mem_alloc failed\n"
   9      616C6C6F 
   9      63206661 
   9      696C6564 
   9      0A00
  10 0012 00000000 		.align	3
  10      0000
  11              	.LC1:
  12 0018 6D656D5F 		.string	"mem_alloc success, address: "
  12      616C6C6F 
  12      63207375 
  12      63636573 
  12      732C2061 
  13 0035 000000   		.align	3
  14              	.LC2:
  15 0038 0A00     		.string	"\n"
  16 003a 00000000 		.align	3
  16      0000
  17              	.LC3:
  18 0040 46697273 		.string	"First byte value: "
  18      74206279 
  18      74652076 
  18      616C7565 
  18      3A2000
  19 0053 00000000 		.align	3
  19      00
  20              	.LC4:
  21 0058 6D656D5F 		.string	"mem_free result: "
  21      66726565 
  21      20726573 
  21      756C743A 
  21      2000
  22              		.text
  23              		.align	2
  24              		.globl	main
  26              	main:
  27              	.LFB16:
  28              		.file 1 "src/main.cpp"
   1:src/main.cpp  **** //
   2:src/main.cpp  **** // Created by os on 7/19/25.
   3:src/main.cpp  **** //
   4:src/main.cpp  **** 
   5:src/main.cpp  **** #include "../h/riscv.hpp"
   6:src/main.cpp  **** #include "../h/syscall_c.hpp"
   7:src/main.cpp  **** #include "../h/print.hpp"
   8:src/main.cpp  **** 
   9:src/main.cpp  **** int main() {
  29              		.loc 1 9 12
  30              		.cfi_startproc
GAS LISTING /tmp/ccyb0qPD.s 			page 2


  31 0000 130101FE 		addi	sp,sp,-32
  32              		.cfi_def_cfa_offset 32
  33 0004 233C1100 		sd	ra,24(sp)
  34 0008 23388100 		sd	s0,16(sp)
  35 000c 23349100 		sd	s1,8(sp)
  36              		.cfi_offset 1, -8
  37              		.cfi_offset 8, -16
  38              		.cfi_offset 9, -24
  39 0010 13040102 		addi	s0,sp,32
  40              		.cfi_def_cfa 8, 0
  10:src/main.cpp  **** 
  11:src/main.cpp  ****     Riscv::w_stvec((uint64) &Riscv::supervisorTrap);
  41              		.loc 1 11 5
  42              		.loc 1 11 19 is_stmt 0
  43 0014 97070000 		la	a5,_ZN5Riscv14supervisorTrapEv
  43      83B70700 
  44              	.LVL0:
  45              	.LBB4:
  46              	.LBB5:
  47              		.file 2 "src/../h/riscv.hpp"
   1:src/../h/riscv.hpp **** //
   2:src/../h/riscv.hpp **** // Created by os on 7/19/25.
   3:src/../h/riscv.hpp **** //
   4:src/../h/riscv.hpp **** 
   5:src/../h/riscv.hpp **** #ifndef OSPROJECT_RISCV_HPP
   6:src/../h/riscv.hpp **** #define OSPROJECT_RISCV_HPP
   7:src/../h/riscv.hpp **** 
   8:src/../h/riscv.hpp **** #include "../lib/hw.h"
   9:src/../h/riscv.hpp **** 
  10:src/../h/riscv.hpp **** class Riscv {
  11:src/../h/riscv.hpp **** public:
  12:src/../h/riscv.hpp ****     // pop sstatus.spp and sstatus.spie bits (has to be a non inline function)
  13:src/../h/riscv.hpp ****     static void popSppSpie();
  14:src/../h/riscv.hpp **** 
  15:src/../h/riscv.hpp ****     // read register scause
  16:src/../h/riscv.hpp ****     static uint64 r_scause();
  17:src/../h/riscv.hpp **** 
  18:src/../h/riscv.hpp ****     // write register scause
  19:src/../h/riscv.hpp ****     static void w_scause(uint64 scause);
  20:src/../h/riscv.hpp **** 
  21:src/../h/riscv.hpp ****     // read register sepc
  22:src/../h/riscv.hpp ****     static uint64 r_sepc();
  23:src/../h/riscv.hpp **** 
  24:src/../h/riscv.hpp ****     // write register sepc
  25:src/../h/riscv.hpp ****     static void w_sepc(uint64 sepc);
  26:src/../h/riscv.hpp **** 
  27:src/../h/riscv.hpp ****     // read register stvec
  28:src/../h/riscv.hpp ****     static uint64 r_stvec();
  29:src/../h/riscv.hpp **** 
  30:src/../h/riscv.hpp ****     // write register stvec
  31:src/../h/riscv.hpp ****     static void w_stvec(uint64 stvec);
  32:src/../h/riscv.hpp **** 
  33:src/../h/riscv.hpp ****     // read register stval
  34:src/../h/riscv.hpp ****     static uint64 r_stval();
  35:src/../h/riscv.hpp **** 
  36:src/../h/riscv.hpp ****     // write register stval
  37:src/../h/riscv.hpp ****     static void w_stval(uint64 stval);
GAS LISTING /tmp/ccyb0qPD.s 			page 3


  38:src/../h/riscv.hpp **** 
  39:src/../h/riscv.hpp ****     enum BitMaskSip
  40:src/../h/riscv.hpp ****     {
  41:src/../h/riscv.hpp ****         SIP_SSIE = (1 << 1),
  42:src/../h/riscv.hpp ****         SIP_STIE = (1 << 5),
  43:src/../h/riscv.hpp ****         SIP_SEIE = (1 << 9),
  44:src/../h/riscv.hpp ****     };
  45:src/../h/riscv.hpp **** 
  46:src/../h/riscv.hpp ****     // mask set register sip
  47:src/../h/riscv.hpp ****     static void ms_sip(uint64 mask);
  48:src/../h/riscv.hpp **** 
  49:src/../h/riscv.hpp ****     // mask clear register sip
  50:src/../h/riscv.hpp ****     static void mc_sip(uint64 mask);
  51:src/../h/riscv.hpp **** 
  52:src/../h/riscv.hpp ****     // read register sip
  53:src/../h/riscv.hpp ****     static uint64 r_sip();
  54:src/../h/riscv.hpp **** 
  55:src/../h/riscv.hpp ****     // write register sip
  56:src/../h/riscv.hpp ****     static void w_sip(uint64 sip);
  57:src/../h/riscv.hpp **** 
  58:src/../h/riscv.hpp ****     enum BitMaskSstatus
  59:src/../h/riscv.hpp ****     {
  60:src/../h/riscv.hpp ****         SSTATUS_SIE = (1 << 1),
  61:src/../h/riscv.hpp ****         SSTATUS_SPIE = (1 << 5),
  62:src/../h/riscv.hpp ****         SSTATUS_SPP = (1 << 8),
  63:src/../h/riscv.hpp ****     };
  64:src/../h/riscv.hpp **** 
  65:src/../h/riscv.hpp ****     // mask set register sstatus
  66:src/../h/riscv.hpp ****     static void ms_sstatus(uint64 mask);
  67:src/../h/riscv.hpp **** 
  68:src/../h/riscv.hpp ****     // mask clear register sstatus
  69:src/../h/riscv.hpp ****     static void mc_sstatus(uint64 mask);
  70:src/../h/riscv.hpp **** 
  71:src/../h/riscv.hpp ****     // read register sstatus
  72:src/../h/riscv.hpp ****     static uint64 r_sstatus();
  73:src/../h/riscv.hpp **** 
  74:src/../h/riscv.hpp ****     // write register sstatus
  75:src/../h/riscv.hpp ****     static void w_sstatus(uint64 sstatus);
  76:src/../h/riscv.hpp **** 
  77:src/../h/riscv.hpp ****     // supervisor trap
  78:src/../h/riscv.hpp ****     static void supervisorTrap();
  79:src/../h/riscv.hpp **** 
  80:src/../h/riscv.hpp **** private:
  81:src/../h/riscv.hpp **** 
  82:src/../h/riscv.hpp ****     // supervisor trap handler
  83:src/../h/riscv.hpp ****     static void handleSupervisorTrap();
  84:src/../h/riscv.hpp **** 
  85:src/../h/riscv.hpp **** };
  86:src/../h/riscv.hpp **** 
  87:src/../h/riscv.hpp **** 
  88:src/../h/riscv.hpp **** inline uint64 Riscv::r_scause()
  89:src/../h/riscv.hpp **** {
  90:src/../h/riscv.hpp ****     uint64 volatile scause;
  91:src/../h/riscv.hpp ****     __asm__ volatile ("csrr %[scause], scause" : [scause] "=r"(scause));
  92:src/../h/riscv.hpp ****     return scause;
  93:src/../h/riscv.hpp **** }
  94:src/../h/riscv.hpp **** 
GAS LISTING /tmp/ccyb0qPD.s 			page 4


  95:src/../h/riscv.hpp **** inline void Riscv::w_scause(uint64 scause)
  96:src/../h/riscv.hpp **** {
  97:src/../h/riscv.hpp ****     __asm__ volatile ("csrw scause, %[scause]" : : [scause] "r"(scause));
  98:src/../h/riscv.hpp **** }
  99:src/../h/riscv.hpp **** 
 100:src/../h/riscv.hpp **** inline uint64 Riscv::r_sepc()
 101:src/../h/riscv.hpp **** {
 102:src/../h/riscv.hpp ****     uint64 volatile sepc;
 103:src/../h/riscv.hpp ****     __asm__ volatile ("csrr %[sepc], sepc" : [sepc] "=r"(sepc));
 104:src/../h/riscv.hpp ****     return sepc;
 105:src/../h/riscv.hpp **** }
 106:src/../h/riscv.hpp **** 
 107:src/../h/riscv.hpp **** inline void Riscv::w_sepc(uint64 sepc)
 108:src/../h/riscv.hpp **** {
 109:src/../h/riscv.hpp ****     __asm__ volatile ("csrw sepc, %[sepc]" : : [sepc] "r"(sepc));
 110:src/../h/riscv.hpp **** }
 111:src/../h/riscv.hpp **** 
 112:src/../h/riscv.hpp **** inline uint64 Riscv::r_stvec()
 113:src/../h/riscv.hpp **** {
 114:src/../h/riscv.hpp ****     uint64 volatile stvec;
 115:src/../h/riscv.hpp ****     __asm__ volatile ("csrr %[stvec], stvec" : [stvec] "=r"(stvec));
 116:src/../h/riscv.hpp ****     return stvec;
 117:src/../h/riscv.hpp **** }
 118:src/../h/riscv.hpp **** 
 119:src/../h/riscv.hpp **** inline void Riscv::w_stvec(uint64 stvec)
 120:src/../h/riscv.hpp **** {
 121:src/../h/riscv.hpp ****     __asm__ volatile ("csrw stvec, %[stvec]" : : [stvec] "r"(stvec));
  48              		.loc 2 121 5 is_stmt 1
  49              		.loc 2 121 69 is_stmt 0
  50              	#APP
  51              	# 121 "src/../h/riscv.hpp" 1
 122              	}
  52              		csrw stvec, a5
  53              	# 0 "" 2
  54              	.LVL1:
  55              	#NO_APP
  56              	.LBE5:
  57              	.LBE4:
  12:src/main.cpp  **** 
  13:src/main.cpp  ****     // 1. Alokacija memorije
  14:src/main.cpp  ****     void* ptr = mem_alloc(64);
  58              		.loc 1 14 5 is_stmt 1
  59              		.loc 1 14 26 is_stmt 0
  60 0020 13050004 		li	a0,64
  61 0024 97000000 		call	_Z9mem_allocm@plt
  61      E7800000 
  62              	.LVL2:
  15:src/main.cpp  ****     if (!ptr) {
  63              		.loc 1 15 5 is_stmt 1
  64 002c 6304050A 		beqz	a0,.L5
  65 0030 93040500 		mv	s1,a0
  16:src/main.cpp  ****         printString("mem_alloc failed\n");
  17:src/main.cpp  ****         return -1;
  18:src/main.cpp  ****     }
  19:src/main.cpp  ****     printString("mem_alloc success, address: ");
  66              		.loc 1 19 5
  67              		.loc 1 19 16 is_stmt 0
GAS LISTING /tmp/ccyb0qPD.s 			page 5


  68 0034 17050000 		lla	a0,.LC1
  68      13050500 
  69              	.LVL3:
  70 003c 97000000 		call	_Z11printStringPKc@plt
  70      E7800000 
  71              	.LVL4:
  20:src/main.cpp  ****     printInteger((uint64)ptr);
  72              		.loc 1 20 5 is_stmt 1
  73              		.loc 1 20 17 is_stmt 0
  74 0044 13850400 		mv	a0,s1
  75 0048 97000000 		call	_Z12printIntegerm@plt
  75      E7800000 
  76              	.LVL5:
  21:src/main.cpp  ****     printString("\n");
  77              		.loc 1 21 5 is_stmt 1
  78              		.loc 1 21 16 is_stmt 0
  79 0050 17050000 		lla	a0,.LC2
  79      13050500 
  80 0058 97000000 		call	_Z11printStringPKc@plt
  80      E7800000 
  81              	.LVL6:
  22:src/main.cpp  **** 
  23:src/main.cpp  ****     // 2. Pisanje test vrednosti (recimo broj 123 u prvi bajt)
  24:src/main.cpp  ****     //((char*)ptr)[0] = 123;
  25:src/main.cpp  **** 
  26:src/main.cpp  ****     // 3. Ispis vrednosti iz memorije
  27:src/main.cpp  ****     printString("First byte value: ");
  82              		.loc 1 27 5 is_stmt 1
  83              		.loc 1 27 16 is_stmt 0
  84 0060 17050000 		lla	a0,.LC3
  84      13050500 
  85 0068 97000000 		call	_Z11printStringPKc@plt
  85      E7800000 
  86              	.LVL7:
  28:src/main.cpp  **** 
  29:src/main.cpp  ****     //printInteger((uint64)((unsigned char*)ptr)[0]);
  30:src/main.cpp  ****     printString("\n");
  87              		.loc 1 30 5 is_stmt 1
  88              		.loc 1 30 16 is_stmt 0
  89 0070 17050000 		lla	a0,.LC2
  89      13050500 
  90 0078 97000000 		call	_Z11printStringPKc@plt
  90      E7800000 
  91              	.LVL8:
  31:src/main.cpp  **** 
  32:src/main.cpp  ****     // 4. Oslobađanje memorije
  33:src/main.cpp  ****     int free_result = mem_free(ptr);
  92              		.loc 1 33 5 is_stmt 1
  93              		.loc 1 33 31 is_stmt 0
  94 0080 13850400 		mv	a0,s1
  95 0084 97000000 		call	_Z8mem_freePv@plt
  95      E7800000 
  96              	.LVL9:
  97 008c 93040500 		mv	s1,a0
  98              	.LVL10:
  34:src/main.cpp  ****     printString("mem_free result: ");
  99              		.loc 1 34 5 is_stmt 1
GAS LISTING /tmp/ccyb0qPD.s 			page 6


 100              		.loc 1 34 16 is_stmt 0
 101 0090 17050000 		lla	a0,.LC4
 101      13050500 
 102 0098 97000000 		call	_Z11printStringPKc@plt
 102      E7800000 
 103              	.LVL11:
  35:src/main.cpp  ****     printInteger((uint64)free_result);
 104              		.loc 1 35 5 is_stmt 1
 105              		.loc 1 35 17 is_stmt 0
 106 00a0 13850400 		mv	a0,s1
 107 00a4 97000000 		call	_Z12printIntegerm@plt
 107      E7800000 
 108              	.LVL12:
  36:src/main.cpp  ****     printString("\n");
 109              		.loc 1 36 5 is_stmt 1
 110              		.loc 1 36 16 is_stmt 0
 111 00ac 17050000 		lla	a0,.LC2
 111      13050500 
 112 00b4 97000000 		call	_Z11printStringPKc@plt
 112      E7800000 
 113              	.LVL13:
  37:src/main.cpp  **** 
  38:src/main.cpp  ****     return 0;
 114              		.loc 1 38 5 is_stmt 1
 115              		.loc 1 38 12 is_stmt 0
 116 00bc 13050000 		li	a0,0
 117              	.LVL14:
 118              	.L3:
  39:src/main.cpp  **** }...
 119              		.loc 1 39 1
 120 00c0 83308101 		ld	ra,24(sp)
 121              		.cfi_remember_state
 122              		.cfi_restore 1
 123 00c4 03340101 		ld	s0,16(sp)
 124              		.cfi_restore 8
 125              		.cfi_def_cfa 2, 32
 126 00c8 83348100 		ld	s1,8(sp)
 127              		.cfi_restore 9
 128 00cc 13010102 		addi	sp,sp,32
 129              		.cfi_def_cfa_offset 0
 130 00d0 67800000 		jr	ra
 131              	.LVL15:
 132              	.L5:
 133              		.cfi_restore_state
  16:src/main.cpp  ****         printString("mem_alloc failed\n");
 134              		.loc 1 16 9 is_stmt 1
  16:src/main.cpp  ****         printString("mem_alloc failed\n");
 135              		.loc 1 16 20 is_stmt 0
 136 00d4 17050000 		lla	a0,.LC0
 136      13050500 
 137              	.LVL16:
 138 00dc 97000000 		call	_Z11printStringPKc@plt
 138      E7800000 
 139              	.LVL17:
  17:src/main.cpp  ****         return -1;
 140              		.loc 1 17 9 is_stmt 1
  17:src/main.cpp  ****         return -1;
GAS LISTING /tmp/ccyb0qPD.s 			page 7


 141              		.loc 1 17 17 is_stmt 0
 142 00e4 1305F0FF 		li	a0,-1
 143 00e8 6FF09FFD 		j	.L3
 144              		.cfi_endproc
 145              	.LFE16:
 147              	.Letext0:
 148              		.file 3 "src/../h/../lib/hw.h"
 149              		.file 4 "src/../h/syscall_c.hpp"
 150              		.file 5 "src/../h/print.hpp"
GAS LISTING /tmp/ccyb0qPD.s 			page 8


DEFINED SYMBOLS
                            *ABS*:0000000000000000 main.cpp
     /tmp/ccyb0qPD.s:26     .text:0000000000000000 main
     /tmp/ccyb0qPD.s:30     .text:0000000000000000 .L0 
     /tmp/ccyb0qPD.s:31     .text:0000000000000000 .L0 
     /tmp/ccyb0qPD.s:32     .text:0000000000000004 .L0 
     /tmp/ccyb0qPD.s:36     .text:0000000000000010 .L0 
     /tmp/ccyb0qPD.s:37     .text:0000000000000010 .L0 
     /tmp/ccyb0qPD.s:38     .text:0000000000000010 .L0 
     /tmp/ccyb0qPD.s:40     .text:0000000000000014 .L0 
     /tmp/ccyb0qPD.s:42     .text:0000000000000014 .L0 
     /tmp/ccyb0qPD.s:43     .text:0000000000000014 .L0 
     /tmp/ccyb0qPD.s:49     .text:000000000000001c .L0 
  src/../h/riscv.hpp:121    .text:000000000000001c .L0 
     /tmp/ccyb0qPD.s:59     .text:0000000000000020 .L0 
     /tmp/ccyb0qPD.s:60     .text:0000000000000020 .L0 
     /tmp/ccyb0qPD.s:64     .text:000000000000002c .L0 
     /tmp/ccyb0qPD.s:67     .text:0000000000000034 .L0 
     /tmp/ccyb0qPD.s:68     .text:0000000000000034 .L0 
     /tmp/ccyb0qPD.s:73     .text:0000000000000044 .L0 
     /tmp/ccyb0qPD.s:74     .text:0000000000000044 .L0 
     /tmp/ccyb0qPD.s:78     .text:0000000000000050 .L0 
     /tmp/ccyb0qPD.s:79     .text:0000000000000050 .L0 
     /tmp/ccyb0qPD.s:83     .text:0000000000000060 .L0 
     /tmp/ccyb0qPD.s:84     .text:0000000000000060 .L0 
     /tmp/ccyb0qPD.s:88     .text:0000000000000070 .L0 
     /tmp/ccyb0qPD.s:89     .text:0000000000000070 .L0 
     /tmp/ccyb0qPD.s:93     .text:0000000000000080 .L0 
     /tmp/ccyb0qPD.s:94     .text:0000000000000080 .L0 
     /tmp/ccyb0qPD.s:100    .text:0000000000000090 .L0 
     /tmp/ccyb0qPD.s:101    .text:0000000000000090 .L0 
     /tmp/ccyb0qPD.s:105    .text:00000000000000a0 .L0 
     /tmp/ccyb0qPD.s:106    .text:00000000000000a0 .L0 
     /tmp/ccyb0qPD.s:110    .text:00000000000000ac .L0 
     /tmp/ccyb0qPD.s:111    .text:00000000000000ac .L0 
     /tmp/ccyb0qPD.s:115    .text:00000000000000bc .L0 
     /tmp/ccyb0qPD.s:116    .text:00000000000000bc .L0 
     /tmp/ccyb0qPD.s:120    .text:00000000000000c0 .L0 
     /tmp/ccyb0qPD.s:121    .text:00000000000000c4 .L0 
     /tmp/ccyb0qPD.s:122    .text:00000000000000c4 .L0 
     /tmp/ccyb0qPD.s:124    .text:00000000000000c8 .L0 
     /tmp/ccyb0qPD.s:125    .text:00000000000000c8 .L0 
     /tmp/ccyb0qPD.s:127    .text:00000000000000cc .L0 
     /tmp/ccyb0qPD.s:129    .text:00000000000000d0 .L0 
     /tmp/ccyb0qPD.s:133    .text:00000000000000d4 .L0 
     /tmp/ccyb0qPD.s:135    .text:00000000000000d4 .L0 
     /tmp/ccyb0qPD.s:136    .text:00000000000000d4 .L0 
     /tmp/ccyb0qPD.s:141    .text:00000000000000e4 .L0 
     /tmp/ccyb0qPD.s:142    .text:00000000000000e4 .L0 
     /tmp/ccyb0qPD.s:144    .text:00000000000000ec .L0 
     /tmp/ccyb0qPD.s:151    .text:00000000000000ec .L0 
     /tmp/ccyb0qPD.s:43     .text:0000000000000014 .L0 
     /tmp/ccyb0qPD.s:11     .rodata.str1.8:0000000000000018 .LC1
     /tmp/ccyb0qPD.s:68     .text:0000000000000034 .L0 
     /tmp/ccyb0qPD.s:14     .rodata.str1.8:0000000000000038 .LC2
     /tmp/ccyb0qPD.s:79     .text:0000000000000050 .L0 
     /tmp/ccyb0qPD.s:17     .rodata.str1.8:0000000000000040 .LC3
GAS LISTING /tmp/ccyb0qPD.s 			page 9


     /tmp/ccyb0qPD.s:84     .text:0000000000000060 .L0 
     /tmp/ccyb0qPD.s:89     .text:0000000000000070 .L0 
     /tmp/ccyb0qPD.s:20     .rodata.str1.8:0000000000000058 .LC4
     /tmp/ccyb0qPD.s:101    .text:0000000000000090 .L0 
     /tmp/ccyb0qPD.s:111    .text:00000000000000ac .L0 
     /tmp/ccyb0qPD.s:8      .rodata.str1.8:0000000000000000 .LC0
     /tmp/ccyb0qPD.s:136    .text:00000000000000d4 .L0 
     /tmp/ccyb0qPD.s:132    .text:00000000000000d4 .L5
     /tmp/ccyb0qPD.s:118    .text:00000000000000c0 .L3
     /tmp/ccyb0qPD.s:670    .debug_abbrev:0000000000000000 .Ldebug_abbrev0
     /tmp/ccyb0qPD.s:1198   .debug_str:000000000000019c .LASF62
     /tmp/ccyb0qPD.s:1212   .debug_str:00000000000002be .LASF63
     /tmp/ccyb0qPD.s:1266   .debug_str:0000000000000461 .LASF64
     /tmp/ccyb0qPD.s:5      .text:0000000000000000 .Ltext0
     /tmp/ccyb0qPD.s:147    .text:00000000000000ec .Letext0
     /tmp/ccyb0qPD.s:1138   .debug_line:0000000000000000 .Ldebug_line0
     /tmp/ccyb0qPD.s:1214   .debug_str:00000000000002cb .LASF0
     /tmp/ccyb0qPD.s:1188   .debug_str:0000000000000154 .LASF1
     /tmp/ccyb0qPD.s:1178   .debug_str:0000000000000111 .LASF2
     /tmp/ccyb0qPD.s:1158   .debug_str:000000000000007d .LASF4
     /tmp/ccyb0qPD.s:1184   .debug_str:000000000000013a .LASF3
     /tmp/ccyb0qPD.s:1144   .debug_str:0000000000000026 .LASF5
     /tmp/ccyb0qPD.s:1142   .debug_str:0000000000000013 .LASF6
     /tmp/ccyb0qPD.s:1170   .debug_str:00000000000000c7 .LASF7
     /tmp/ccyb0qPD.s:1228   .debug_str:0000000000000320 .LASF8
     /tmp/ccyb0qPD.s:1156   .debug_str:000000000000006f .LASF9
     /tmp/ccyb0qPD.s:1278   .debug_str:00000000000004c0 .LASF10
     /tmp/ccyb0qPD.s:1174   .debug_str:00000000000000ed .LASF11
     /tmp/ccyb0qPD.s:1260   .debug_str:000000000000042a .LASF12
     /tmp/ccyb0qPD.s:1236   .debug_str:000000000000036e .LASF13
     /tmp/ccyb0qPD.s:1190   .debug_str:0000000000000167 .LASF14
     /tmp/ccyb0qPD.s:1164   .debug_str:00000000000000a4 .LASF15
     /tmp/ccyb0qPD.s:1232   .debug_str:0000000000000342 .LASF16
     /tmp/ccyb0qPD.s:1166   .debug_str:00000000000000ba .LASF65
     /tmp/ccyb0qPD.s:1196   .debug_str:0000000000000191 .LASF49
     /tmp/ccyb0qPD.s:1250   .debug_str:00000000000003e8 .LASF51
     /tmp/ccyb0qPD.s:1200   .debug_str:0000000000000260 .LASF17
     /tmp/ccyb0qPD.s:1146   .debug_str:000000000000002d .LASF19
     /tmp/ccyb0qPD.s:1202   .debug_str:0000000000000269 .LASF21
     /tmp/ccyb0qPD.s:1160   .debug_str:0000000000000084 .LASF23
     /tmp/ccyb0qPD.s:1218   .debug_str:00000000000002e0 .LASF18
     /tmp/ccyb0qPD.s:1182   .debug_str:0000000000000127 .LASF20
     /tmp/ccyb0qPD.s:1168   .debug_str:00000000000000c0 .LASF22
     /tmp/ccyb0qPD.s:1172   .debug_str:00000000000000da .LASF24
     /tmp/ccyb0qPD.s:1216   .debug_str:00000000000002d8 .LASF25
     /tmp/ccyb0qPD.s:1244   .debug_str:00000000000003bf .LASF26
     /tmp/ccyb0qPD.s:1186   .debug_str:000000000000014c .LASF27
     /tmp/ccyb0qPD.s:1224   .debug_str:00000000000002ff .LASF28
     /tmp/ccyb0qPD.s:1252   .debug_str:0000000000000400 .LASF29
     /tmp/ccyb0qPD.s:1152   .debug_str:0000000000000055 .LASF30
     /tmp/ccyb0qPD.s:1180   .debug_str:000000000000011f .LASF31
     /tmp/ccyb0qPD.s:1262   .debug_str:000000000000043a .LASF32
     /tmp/ccyb0qPD.s:1272   .debug_str:000000000000049e .LASF33
     /tmp/ccyb0qPD.s:1140   .debug_str:0000000000000000 .LASF34
     /tmp/ccyb0qPD.s:1148   .debug_str:0000000000000042 .LASF35
     /tmp/ccyb0qPD.s:1222   .debug_str:00000000000002ec .LASF36
     /tmp/ccyb0qPD.s:1258   .debug_str:0000000000000424 .LASF37
GAS LISTING /tmp/ccyb0qPD.s 			page 10


     /tmp/ccyb0qPD.s:1230   .debug_str:0000000000000330 .LASF38
     /tmp/ccyb0qPD.s:1154   .debug_str:0000000000000069 .LASF39
     /tmp/ccyb0qPD.s:1256   .debug_str:0000000000000412 .LASF40
     /tmp/ccyb0qPD.s:1248   .debug_str:00000000000003dd .LASF41
     /tmp/ccyb0qPD.s:1206   .debug_str:000000000000027c .LASF42
     /tmp/ccyb0qPD.s:1162   .debug_str:0000000000000099 .LASF43
     /tmp/ccyb0qPD.s:1194   .debug_str:0000000000000179 .LASF44
     /tmp/ccyb0qPD.s:1204   .debug_str:0000000000000272 .LASF45
     /tmp/ccyb0qPD.s:1234   .debug_str:0000000000000358 .LASF46
     /tmp/ccyb0qPD.s:1254   .debug_str:0000000000000408 .LASF47
     /tmp/ccyb0qPD.s:1242   .debug_str:00000000000003a9 .LASF48
     /tmp/ccyb0qPD.s:1274   .debug_str:00000000000004a5 .LASF50
     /tmp/ccyb0qPD.s:1208   .debug_str:0000000000000294 .LASF52
     /tmp/ccyb0qPD.s:1176   .debug_str:00000000000000fc .LASF66
     /tmp/ccyb0qPD.s:1240   .debug_str:0000000000000387 .LASF67
     /tmp/ccyb0qPD.s:1220   .debug_str:00000000000002e7 .LASF68
     /tmp/ccyb0qPD.s:27     .text:0000000000000000 .LFB16
     /tmp/ccyb0qPD.s:145    .text:00000000000000ec .LFE16
     /tmp/ccyb0qPD.s:1103   .debug_loc:0000000000000000 .LLST0
     /tmp/ccyb0qPD.s:1150   .debug_str:0000000000000049 .LASF53
     /tmp/ccyb0qPD.s:1118   .debug_loc:0000000000000049 .LLST1
     /tmp/ccyb0qPD.s:45     .text:000000000000001c .LBB4
     /tmp/ccyb0qPD.s:57     .text:0000000000000020 .LBE4
     /tmp/ccyb0qPD.s:62     .text:000000000000002c .LVL2
     /tmp/ccyb0qPD.s:71     .text:0000000000000044 .LVL4
     /tmp/ccyb0qPD.s:76     .text:0000000000000050 .LVL5
     /tmp/ccyb0qPD.s:81     .text:0000000000000060 .LVL6
     /tmp/ccyb0qPD.s:86     .text:0000000000000070 .LVL7
     /tmp/ccyb0qPD.s:91     .text:0000000000000080 .LVL8
     /tmp/ccyb0qPD.s:96     .text:000000000000008c .LVL9
     /tmp/ccyb0qPD.s:103    .text:00000000000000a0 .LVL11
     /tmp/ccyb0qPD.s:108    .text:00000000000000ac .LVL12
     /tmp/ccyb0qPD.s:113    .text:00000000000000bc .LVL13
     /tmp/ccyb0qPD.s:139    .text:00000000000000e4 .LVL17
     /tmp/ccyb0qPD.s:1192   .debug_str:0000000000000173 .LASF69
     /tmp/ccyb0qPD.s:1270   .debug_str:0000000000000490 .LASF54
     /tmp/ccyb0qPD.s:1246   .debug_str:00000000000003d3 .LASF56
     /tmp/ccyb0qPD.s:1264   .debug_str:000000000000044e .LASF55
     /tmp/ccyb0qPD.s:1276   .debug_str:00000000000004b4 .LASF57
     /tmp/ccyb0qPD.s:1268   .debug_str:000000000000047e .LASF58
     /tmp/ccyb0qPD.s:1226   .debug_str:0000000000000313 .LASF59
     /tmp/ccyb0qPD.s:1210   .debug_str:00000000000002b0 .LASF60
     /tmp/ccyb0qPD.s:1238   .debug_str:000000000000037e .LASF61
     /tmp/ccyb0qPD.s:69     .text:000000000000003c .LVL3
     /tmp/ccyb0qPD.s:98     .text:0000000000000090 .LVL10
     /tmp/ccyb0qPD.s:131    .text:00000000000000d4 .LVL15
     /tmp/ccyb0qPD.s:137    .text:00000000000000dc .LVL16
     /tmp/ccyb0qPD.s:117    .text:00000000000000c0 .LVL14
     /tmp/ccyb0qPD.s:152    .debug_info:0000000000000000 .Ldebug_info0

UNDEFINED SYMBOLS
_ZN5Riscv14supervisorTrapEv
_Z9mem_allocm
_Z11printStringPKc
_Z12printIntegerm
_Z8mem_freePv
