GAS LISTING /tmp/ccrVhRR7.s 			page 1


   1              		.file	"MemoryAllocator.cpp"
   2              		.option pic
   3              		.option norelax
   4              		.text
   5              	.Ltext0:
   6              		.globl	_ZN15MemoryAllocator7usedMemE
   7              		.globl	_ZN15MemoryAllocator7freeMemE
   8              		.bss
   9              		.align	3
  12              	_ZN15MemoryAllocator7usedMemE:
  13 0000 00000000 		.zero	8
  13      00000000 
  16              	_ZN15MemoryAllocator7freeMemE:
  17 0008 00000000 		.zero	8
  17      00000000 
  18              		.text
  19              	.Letext0:
  20              		.file 1 "src/../h/../lib/hw.h"
  21              		.file 2 "src/../h/MemoryAllocator.hpp"
  22              		.file 3 "src/MemoryAllocator.cpp"
GAS LISTING /tmp/ccrVhRR7.s 			page 2


DEFINED SYMBOLS
                            *ABS*:0000000000000000 MemoryAllocator.cpp
     /tmp/ccrVhRR7.s:12     .bss:0000000000000000 _ZN15MemoryAllocator7usedMemE
     /tmp/ccrVhRR7.s:16     .bss:0000000000000008 _ZN15MemoryAllocator7freeMemE
     /tmp/ccrVhRR7.s:244    .debug_abbrev:0000000000000000 .Ldebug_abbrev0
     /tmp/ccrVhRR7.s:609    .debug_str:00000000000001e8 .LASF23
     /tmp/ccrVhRR7.s:599    .debug_str:000000000000017c .LASF24
     /tmp/ccrVhRR7.s:589    .debug_str:0000000000000120 .LASF25
     /tmp/ccrVhRR7.s:553    .debug_line:0000000000000000 .Ldebug_line0
     /tmp/ccrVhRR7.s:555    .debug_str:0000000000000000 .LASF0
     /tmp/ccrVhRR7.s:607    .debug_str:00000000000001d5 .LASF1
     /tmp/ccrVhRR7.s:585    .debug_str:0000000000000109 .LASF2
     /tmp/ccrVhRR7.s:577    .debug_str:00000000000000e9 .LASF4
     /tmp/ccrVhRR7.s:567    .debug_str:000000000000005f .LASF3
     /tmp/ccrVhRR7.s:563    .debug_str:0000000000000048 .LASF5
     /tmp/ccrVhRR7.s:575    .debug_str:00000000000000d6 .LASF6
     /tmp/ccrVhRR7.s:605    .debug_str:00000000000001c2 .LASF7
     /tmp/ccrVhRR7.s:613    .debug_str:00000000000002bb .LASF8
     /tmp/ccrVhRR7.s:559    .debug_str:000000000000002b .LASF9
     /tmp/ccrVhRR7.s:561    .debug_str:0000000000000039 .LASF10
     /tmp/ccrVhRR7.s:611    .debug_str:00000000000002ac .LASF11
     /tmp/ccrVhRR7.s:565    .debug_str:000000000000004f .LASF12
     /tmp/ccrVhRR7.s:617    .debug_str:00000000000002d5 .LASF13
     /tmp/ccrVhRR7.s:583    .debug_str:00000000000000fd .LASF14
     /tmp/ccrVhRR7.s:595    .debug_str:000000000000015e .LASF15
     /tmp/ccrVhRR7.s:593    .debug_str:0000000000000148 .LASF16
     /tmp/ccrVhRR7.s:619    .debug_str:00000000000002e5 .LASF26
     /tmp/ccrVhRR7.s:581    .debug_str:00000000000000f8 .LASF17
     /tmp/ccrVhRR7.s:621    .debug_str:00000000000002ee .LASF18
     /tmp/ccrVhRR7.s:601    .debug_str:0000000000000194 .LASF27
     /tmp/ccrVhRR7.s:597    .debug_str:0000000000000174 .LASF19
     /tmp/ccrVhRR7.s:579    .debug_str:00000000000000f0 .LASF20
     /tmp/ccrVhRR7.s:591    .debug_str:000000000000013d .LASF28
     /tmp/ccrVhRR7.s:571    .debug_str:0000000000000092 .LASF29
     /tmp/ccrVhRR7.s:615    .debug_str:00000000000002cb .LASF30
     /tmp/ccrVhRR7.s:569    .debug_str:0000000000000071 .LASF31
     /tmp/ccrVhRR7.s:587    .debug_str:0000000000000117 .LASF32
     /tmp/ccrVhRR7.s:573    .debug_str:00000000000000b5 .LASF33
     /tmp/ccrVhRR7.s:557    .debug_str:000000000000000d .LASF21
     /tmp/ccrVhRR7.s:603    .debug_str:00000000000001a4 .LASF22
     /tmp/ccrVhRR7.s:24     .debug_info:0000000000000000 .Ldebug_info0

NO UNDEFINED SYMBOLS
