GAS LISTING /tmp/cccjKIIF.s 			page 1


   1              		.file	"tcb.cpp"
   2              		.option pic
   3              		.option norelax
   4              		.text
   5              	.Ltext0:
   6              		.align	2
   7              		.globl	_ZN3TCB12createThreadEPFvvEPvPc
   9              	_ZN3TCB12createThreadEPFvvEPvPc:
  10              	.LFB32:
  11              		.file 1 "src/tcb.cpp"
   1:src/tcb.cpp   **** //
   2:src/tcb.cpp   **** // Created by os on 7/20/25.
   3:src/tcb.cpp   **** //
   4:src/tcb.cpp   **** 
   5:src/tcb.cpp   **** #include "../h/tcb.hpp"
   6:src/tcb.cpp   **** #include "../h/riscv.hpp"
   7:src/tcb.cpp   **** 
   8:src/tcb.cpp   **** TCB *TCB::running = nullptr;
   9:src/tcb.cpp   **** 
  10:src/tcb.cpp   **** TCB *TCB::createThread(Body body, void* arg, char* stack_space)
  11:src/tcb.cpp   **** {
  12              		.loc 1 11 1
  13              		.cfi_startproc
  14              		.cfi_personality 0x9b,DW.ref.__gxx_personality_v0
  15              		.cfi_lsda 0x1b,.LLSDA32
  16              	.LVL0:
  17 0000 130101FD 		addi	sp,sp,-48
  18              		.cfi_def_cfa_offset 48
  19 0004 23341102 		sd	ra,40(sp)
  20 0008 23308102 		sd	s0,32(sp)
  21 000c 233C9100 		sd	s1,24(sp)
  22 0010 23382101 		sd	s2,16(sp)
  23 0014 23343101 		sd	s3,8(sp)
  24 0018 23304101 		sd	s4,0(sp)
  25              		.cfi_offset 1, -8
  26              		.cfi_offset 8, -16
  27              		.cfi_offset 9, -24
  28              		.cfi_offset 18, -32
  29              		.cfi_offset 19, -40
  30              		.cfi_offset 20, -48
  31 001c 13040103 		addi	s0,sp,48
  32              		.cfi_def_cfa 8, 0
  33 0020 93090500 		mv	s3,a0
  34 0024 138A0500 		mv	s4,a1
  35 0028 13090600 		mv	s2,a2
  12:src/tcb.cpp   ****     return new TCB(body, arg, stack_space);
  36              		.loc 1 12 5
  37              		.loc 1 12 42 is_stmt 0
  38 002c 13050003 		li	a0,48
  39              	.LVL1:
  40              	.LEHB0:
  41 0030 97000000 		call	_Znwm@plt
  41      E7800000 
  42              	.LVL2:
  43              	.LEHE0:
  44 0038 93040500 		mv	s1,a0
  45              	.LVL3:
GAS LISTING /tmp/cccjKIIF.s 			page 2


  46              	.LBB9:
  47              	.LBB10:
  48              		.file 2 "src/../h/tcb.hpp"
   1:src/../h/tcb.hpp **** //
   2:src/../h/tcb.hpp **** // Created by os on 7/20/25.
   3:src/../h/tcb.hpp **** //
   4:src/../h/tcb.hpp **** 
   5:src/../h/tcb.hpp **** #ifndef OSPROJECT_TCB_HPP
   6:src/../h/tcb.hpp **** #define OSPROJECT_TCB_HPP
   7:src/../h/tcb.hpp **** 
   8:src/../h/tcb.hpp **** 
   9:src/../h/tcb.hpp **** #include "../lib/hw.h"
  10:src/../h/tcb.hpp **** #include "scheduler.hpp"
  11:src/../h/tcb.hpp **** 
  12:src/../h/tcb.hpp **** #include "../lib/hw.h"
  13:src/../h/tcb.hpp **** #include "scheduler.hpp"
  14:src/../h/tcb.hpp **** 
  15:src/../h/tcb.hpp **** // Thread Control Block
  16:src/../h/tcb.hpp **** class TCB
  17:src/../h/tcb.hpp **** {
  18:src/../h/tcb.hpp **** public:
  19:src/../h/tcb.hpp ****     ~TCB() { delete[] stack; }
  20:src/../h/tcb.hpp **** 
  21:src/../h/tcb.hpp ****     bool isFinished() const { return finished; }
  22:src/../h/tcb.hpp **** 
  23:src/../h/tcb.hpp ****     void setFinished(bool value) { finished = value; }
  24:src/../h/tcb.hpp **** 
  25:src/../h/tcb.hpp ****     using Body = void (*)();
  26:src/../h/tcb.hpp **** 
  27:src/../h/tcb.hpp ****     static TCB *createThread(Body body, void* arg, char* stack_space);
  28:src/../h/tcb.hpp **** 
  29:src/../h/tcb.hpp ****     static void yield();
  30:src/../h/tcb.hpp **** 
  31:src/../h/tcb.hpp ****     static TCB *running;
  32:src/../h/tcb.hpp **** 
  33:src/../h/tcb.hpp **** private:
  34:src/../h/tcb.hpp ****     TCB(Body body, void* arg, char* stack_space) :
  35:src/../h/tcb.hpp ****             body(body),
  36:src/../h/tcb.hpp ****             arg(arg),
  37:src/../h/tcb.hpp ****             stack(stack_space),
  38:src/../h/tcb.hpp ****             context({(uint64) &threadWrapper,
  39:src/../h/tcb.hpp ****                      stack != nullptr ? (uint64) &stack[DEFAULT_STACK_SIZE] : 0
  40:src/../h/tcb.hpp ****                     }),
  41:src/../h/tcb.hpp ****             finished(false)
  49              		.loc 2 41 27
  50 003c 23303501 		sd	s3,0(a0)
  51 0040 23344501 		sd	s4,8(a0)
  52 0044 23382501 		sd	s2,16(a0)
  53 0048 97070000 		lla	a5,_ZN3TCB13threadWrapperEv
  53      93870700 
  54 0050 233CF500 		sd	a5,24(a0)
  39:src/../h/tcb.hpp ****                     }),
  55              		.loc 2 39 39
  56 0054 63040902 		beqz	s2,.L5
  39:src/../h/tcb.hpp ****                     }),
  57              		.loc 2 39 50
  58 0058 37160000 		li	a2,4096
GAS LISTING /tmp/cccjKIIF.s 			page 3


  59 005c 3309C900 		add	s2,s2,a2
  60              	.LVL4:
  61              	.L2:
  62              		.loc 2 41 27
  63 0060 23B02403 		sd	s2,32(s1)
  64 0064 23840402 		sb	zero,40(s1)
  42:src/../h/tcb.hpp ****     {
  43:src/../h/tcb.hpp ****         if (body != nullptr) { Scheduler::put(this); }
  65              		.loc 2 43 9 is_stmt 1
  66 0068 638C0902 		beqz	s3,.L1
  67              		.loc 2 43 32
  68              		.loc 2 43 46 is_stmt 0
  69 006c 13850400 		mv	a0,s1
  70              	.LEHB1:
  71 0070 97000000 		call	_ZN9Scheduler3putEP3TCB@plt
  71      E7800000 
  72              	.LVL5:
  73              	.LEHE1:
  74 0078 6F008002 		j	.L1
  75              	.LVL6:
  76              	.L5:
  39:src/../h/tcb.hpp ****                     }),
  77              		.loc 2 39 39
  78 007c 13090000 		li	s2,0
  79              	.LVL7:
  80 0080 6FF01FFE 		j	.L2
  81              	.LVL8:
  82              	.L6:
  83 0084 13090500 		mv	s2,a0
  84              	.LBE10:
  85              	.LBE9:
  86              		.loc 1 12 42
  87 0088 13850400 		mv	a0,s1
  88 008c 97000000 		call	_ZdlPv@plt
  88      E7800000 
  89              	.LVL9:
  90 0094 13050900 		mv	a0,s2
  91              	.LEHB2:
  92 0098 97000000 		call	_Unwind_Resume@plt
  92      E7800000 
  93              	.LVL10:
  94              	.LEHE2:
  95              	.L1:
  13:src/tcb.cpp   **** }
  96              		.loc 1 13 1
  97 00a0 13850400 		mv	a0,s1
  98 00a4 83308102 		ld	ra,40(sp)
  99              		.cfi_restore 1
 100 00a8 03340102 		ld	s0,32(sp)
 101              		.cfi_restore 8
 102              		.cfi_def_cfa 2, 48
 103 00ac 83348101 		ld	s1,24(sp)
 104              		.cfi_restore 9
 105              	.LVL11:
 106 00b0 03390101 		ld	s2,16(sp)
 107              		.cfi_restore 18
 108 00b4 83398100 		ld	s3,8(sp)
GAS LISTING /tmp/cccjKIIF.s 			page 4


 109              		.cfi_restore 19
 110              	.LVL12:
 111 00b8 033A0100 		ld	s4,0(sp)
 112              		.cfi_restore 20
 113              	.LVL13:
 114 00bc 13010103 		addi	sp,sp,48
 115              		.cfi_def_cfa_offset 0
 116 00c0 67800000 		jr	ra
 117              		.cfi_endproc
 118              	.LFE32:
 119              		.globl	__gxx_personality_v0
 120              		.section	.gcc_except_table,"a",@progbits
 121              	.LLSDA32:
 122 0000 FF       		.byte	0xff
 123 0001 FF       		.byte	0xff
 124 0002 03       		.byte	0x3
 125 0003 27       		.byte	0x27
 126 0004 00000000 		.4byte	.LEHB0-.LFB32
 127 0008 00000000 		.4byte	.LEHE0-.LEHB0
 128 000c 00000000 		.4byte	0
 129 0010 00       		.byte	0
 130 0011 00000000 		.4byte	.LEHB1-.LFB32
 131 0015 00000000 		.4byte	.LEHE1-.LEHB1
 132 0019 00000000 		.4byte	.L6-.LFB32
 133 001d 00       		.byte	0
 134 001e 00000000 		.4byte	.LEHB2-.LFB32
 135 0022 00000000 		.4byte	.LEHE2-.LEHB2
 136 0026 00000000 		.4byte	0
 137 002a 00       		.byte	0
 138              		.text
 140              		.align	2
 141              		.globl	_ZN3TCB5yieldEv
 143              	_ZN3TCB5yieldEv:
 144              	.LFB33:
  14:src/tcb.cpp   **** 
  15:src/tcb.cpp   **** void TCB::yield()
  16:src/tcb.cpp   **** {
 145              		.loc 1 16 1 is_stmt 1
 146              		.cfi_startproc
 147 00c4 130101FF 		addi	sp,sp,-16
 148              		.cfi_def_cfa_offset 16
 149 00c8 23348100 		sd	s0,8(sp)
 150              		.cfi_offset 8, -8
 151 00cc 13040101 		addi	s0,sp,16
 152              		.cfi_def_cfa 8, 0
  17:src/tcb.cpp   ****     __asm__ volatile ("ecall");
 153              		.loc 1 17 5
 154              		.loc 1 17 31 is_stmt 0
 155              	#APP
 156              	# 17 "src/tcb.cpp" 1
  18              	}
 157              		ecall
 158              	# 0 "" 2
 159              		.loc 1 18 1
 160              	#NO_APP
 161 00d4 03348100 		ld	s0,8(sp)
 162              		.cfi_restore 8
GAS LISTING /tmp/cccjKIIF.s 			page 5


 163              		.cfi_def_cfa 2, 16
 164 00d8 13010101 		addi	sp,sp,16
 165              		.cfi_def_cfa_offset 0
 166 00dc 67800000 		jr	ra
 167              		.cfi_endproc
 168              	.LFE33:
 170              		.align	2
 171              		.globl	_ZN3TCB13threadWrapperEv
 173              	_ZN3TCB13threadWrapperEv:
 174              	.LFB35:
  19:src/tcb.cpp   **** 
  20:src/tcb.cpp   **** void TCB::dispatch()
  21:src/tcb.cpp   **** {
  22:src/tcb.cpp   ****     TCB *old = running;
  23:src/tcb.cpp   ****     if (!old->isFinished()) { Scheduler::put(old); }
  24:src/tcb.cpp   ****     running = Scheduler::get();
  25:src/tcb.cpp   **** 
  26:src/tcb.cpp   ****     TCB::contextSwitch(&old->context, &running->context);
  27:src/tcb.cpp   **** }
  28:src/tcb.cpp   **** 
  29:src/tcb.cpp   **** void TCB::threadWrapper()
  30:src/tcb.cpp   **** {
 175              		.loc 1 30 1 is_stmt 1
 176              		.cfi_startproc
 177 00e0 130101FE 		addi	sp,sp,-32
 178              		.cfi_def_cfa_offset 32
 179 00e4 233C1100 		sd	ra,24(sp)
 180 00e8 23388100 		sd	s0,16(sp)
 181 00ec 23349100 		sd	s1,8(sp)
 182              		.cfi_offset 1, -8
 183              		.cfi_offset 8, -16
 184              		.cfi_offset 9, -24
 185 00f0 13040102 		addi	s0,sp,32
 186              		.cfi_def_cfa 8, 0
  31:src/tcb.cpp   ****     Riscv::popSppSpie();
 187              		.loc 1 31 5
 188              		.loc 1 31 22 is_stmt 0
 189 00f4 97000000 		call	_ZN5Riscv10popSppSpieEv@plt
 189      E7800000 
 190              	.LVL14:
  32:src/tcb.cpp   ****     running->body();
 191              		.loc 1 32 5 is_stmt 1
 192              		.loc 1 32 14 is_stmt 0
 193 00fc 97040000 		lla	s1,.LANCHOR0
 193      93840400 
 194 0104 83B70400 		ld	a5,0(s1)
 195 0108 83B70700 		ld	a5,0(a5)
 196              		.loc 1 32 18
 197 010c E7800700 		jalr	a5
 198              	.LVL15:
  33:src/tcb.cpp   ****     running->setFinished(true);
 199              		.loc 1 33 5 is_stmt 1
 200              		.loc 1 33 25 is_stmt 0
 201 0110 83B70400 		ld	a5,0(s1)
 202              	.LVL16:
 203              	.LBB11:
 204              	.LBB12:
GAS LISTING /tmp/cccjKIIF.s 			page 6


  23:src/../h/tcb.hpp **** 
 205              		.loc 2 23 36 is_stmt 1
  23:src/../h/tcb.hpp **** 
 206              		.loc 2 23 45 is_stmt 0
 207 0114 13071000 		li	a4,1
 208 0118 2384E702 		sb	a4,40(a5)
 209              	.LVL17:
 210              	.LBE12:
 211              	.LBE11:
  34:src/tcb.cpp   ****     TCB::yield();
 212              		.loc 1 34 5 is_stmt 1
 213              		.loc 1 34 15 is_stmt 0
 214 011c 97000000 		call	_ZN3TCB5yieldEv
 214      E7800000 
 215              	.LVL18:
  35:src/tcb.cpp   **** }
 216              		.loc 1 35 1
 217 0124 83308101 		ld	ra,24(sp)
 218              		.cfi_restore 1
 219 0128 03340101 		ld	s0,16(sp)
 220              		.cfi_restore 8
 221              		.cfi_def_cfa 2, 32
 222 012c 83348100 		ld	s1,8(sp)
 223              		.cfi_restore 9
 224 0130 13010102 		addi	sp,sp,32
 225              		.cfi_def_cfa_offset 0
 226 0134 67800000 		jr	ra
 227              		.cfi_endproc
 228              	.LFE35:
 230              		.align	2
 231              		.globl	_ZN3TCB8dispatchEv
 233              	_ZN3TCB8dispatchEv:
 234              	.LFB34:
  21:src/tcb.cpp   ****     TCB *old = running;
 235              		.loc 1 21 1 is_stmt 1
 236              		.cfi_startproc
 237 0138 130101FE 		addi	sp,sp,-32
 238              		.cfi_def_cfa_offset 32
 239 013c 233C1100 		sd	ra,24(sp)
 240 0140 23388100 		sd	s0,16(sp)
 241 0144 23349100 		sd	s1,8(sp)
 242              		.cfi_offset 1, -8
 243              		.cfi_offset 8, -16
 244              		.cfi_offset 9, -24
 245 0148 13040102 		addi	s0,sp,32
 246              		.cfi_def_cfa 8, 0
  22:src/tcb.cpp   ****     if (!old->isFinished()) { Scheduler::put(old); }
 247              		.loc 1 22 5
  22:src/tcb.cpp   ****     if (!old->isFinished()) { Scheduler::put(old); }
 248              		.loc 1 22 10 is_stmt 0
 249 014c 97040000 		ld	s1,.LANCHOR0
 249      83B40400 
 250              	.LVL19:
  23:src/tcb.cpp   ****     running = Scheduler::get();
 251              		.loc 1 23 5 is_stmt 1
 252              	.LBB13:
 253              	.LBB14:
GAS LISTING /tmp/cccjKIIF.s 			page 7


  21:src/../h/tcb.hpp **** 
 254              		.loc 2 21 31
  21:src/../h/tcb.hpp **** 
 255              		.loc 2 21 38 is_stmt 0
 256 0154 83C78402 		lbu	a5,40(s1)
 257              	.LVL20:
 258              	.LBE14:
 259              	.LBE13:
  23:src/tcb.cpp   ****     running = Scheduler::get();
 260              		.loc 1 23 5
 261 0158 638C0702 		beqz	a5,.L15
 262              	.L13:
  24:src/tcb.cpp   **** 
 263              		.loc 1 24 5 is_stmt 1
  24:src/tcb.cpp   **** 
 264              		.loc 1 24 29 is_stmt 0
 265 015c 97000000 		call	_ZN9Scheduler3getEv@plt
 265      E7800000 
 266              	.LVL21:
  24:src/tcb.cpp   **** 
 267              		.loc 1 24 13
 268 0164 97070000 		sd	a0,.LANCHOR0,a5
 268      23B0A700 
  26:src/tcb.cpp   **** }
 269              		.loc 1 26 5 is_stmt 1
  26:src/tcb.cpp   **** }
 270              		.loc 1 26 23 is_stmt 0
 271 016c 93058501 		addi	a1,a0,24
 272 0170 13858401 		addi	a0,s1,24
 273 0174 97000000 		call	_ZN3TCB13contextSwitchEPNS_7ContextES1_@plt
 273      E7800000 
 274              	.LVL22:
  27:src/tcb.cpp   **** 
 275              		.loc 1 27 1
 276 017c 83308101 		ld	ra,24(sp)
 277              		.cfi_remember_state
 278              		.cfi_restore 1
 279 0180 03340101 		ld	s0,16(sp)
 280              		.cfi_restore 8
 281              		.cfi_def_cfa 2, 32
 282 0184 83348100 		ld	s1,8(sp)
 283              		.cfi_restore 9
 284              	.LVL23:
 285 0188 13010102 		addi	sp,sp,32
 286              		.cfi_def_cfa_offset 0
 287 018c 67800000 		jr	ra
 288              	.LVL24:
 289              	.L15:
 290              		.cfi_restore_state
  23:src/tcb.cpp   ****     running = Scheduler::get();
 291              		.loc 1 23 31 is_stmt 1 discriminator 1
  23:src/tcb.cpp   ****     running = Scheduler::get();
 292              		.loc 1 23 45 is_stmt 0 discriminator 1
 293 0190 13850400 		mv	a0,s1
 294 0194 97000000 		call	_ZN9Scheduler3putEP3TCB@plt
 294      E7800000 
 295              	.LVL25:
GAS LISTING /tmp/cccjKIIF.s 			page 8


 296 019c 6FF01FFC 		j	.L13
 297              		.cfi_endproc
 298              	.LFE34:
 300              		.globl	_ZN3TCB7runningE
 301              		.bss
 302              		.align	3
 303              		.set	.LANCHOR0,. + 0
 306              	_ZN3TCB7runningE:
 307 0000 00000000 		.zero	8
 307      00000000 
 308              		.text
 309              	.Letext0:
 310              		.file 3 "src/../h/../lib/hw.h"
 311              		.file 4 "src/../h/scheduler.hpp"
 312              		.file 5 "src/../h/riscv.hpp"
 2404              		.align	3
 2407              	DW.ref.__gxx_personality_v0:
 2408 0000 00000000 		.dword	__gxx_personality_v0
 2408      00000000 
 2409              		.ident	"GCC: (Ubuntu 9.4.0-1ubuntu1~20.04) 9.4.0"
 2410              		.section	.note.GNU-stack,"",@progbits
GAS LISTING /tmp/cccjKIIF.s 			page 9


DEFINED SYMBOLS
                            *ABS*:0000000000000000 tcb.cpp
     /tmp/cccjKIIF.s:9      .text:0000000000000000 _ZN3TCB12createThreadEPFvvEPvPc
     /tmp/cccjKIIF.s:13     .text:0000000000000000 .L0 
     /tmp/cccjKIIF.s:2407   .data.rel.local.DW.ref.__gxx_personality_v0:0000000000000000 DW.ref.__gxx_personality_v0
     /tmp/cccjKIIF.s:17     .text:0000000000000000 .L0 
     /tmp/cccjKIIF.s:18     .text:0000000000000004 .L0 
     /tmp/cccjKIIF.s:25     .text:000000000000001c .L0 
     /tmp/cccjKIIF.s:26     .text:000000000000001c .L0 
     /tmp/cccjKIIF.s:27     .text:000000000000001c .L0 
     /tmp/cccjKIIF.s:28     .text:000000000000001c .L0 
     /tmp/cccjKIIF.s:29     .text:000000000000001c .L0 
     /tmp/cccjKIIF.s:30     .text:000000000000001c .L0 
     /tmp/cccjKIIF.s:32     .text:0000000000000020 .L0 
     /tmp/cccjKIIF.s:37     .text:000000000000002c .L0 
     /tmp/cccjKIIF.s:38     .text:000000000000002c .L0 
     /tmp/cccjKIIF.s:50     .text:000000000000003c .L0 
     /tmp/cccjKIIF.s:173    .text:00000000000000e0 _ZN3TCB13threadWrapperEv
     /tmp/cccjKIIF.s:56     .text:0000000000000054 .L0 
     /tmp/cccjKIIF.s:58     .text:0000000000000058 .L0 
     /tmp/cccjKIIF.s:63     .text:0000000000000060 .L0 
     /tmp/cccjKIIF.s:66     .text:0000000000000068 .L0 
     /tmp/cccjKIIF.s:68     .text:000000000000006c .L0 
     /tmp/cccjKIIF.s:69     .text:000000000000006c .L0 
     /tmp/cccjKIIF.s:78     .text:000000000000007c .L0 
     /tmp/cccjKIIF.s:87     .text:0000000000000088 .L0 
     /tmp/cccjKIIF.s:97     .text:00000000000000a0 .L0 
     /tmp/cccjKIIF.s:99     .text:00000000000000a8 .L0 
     /tmp/cccjKIIF.s:101    .text:00000000000000ac .L0 
     /tmp/cccjKIIF.s:102    .text:00000000000000ac .L0 
     /tmp/cccjKIIF.s:104    .text:00000000000000b0 .L0 
     /tmp/cccjKIIF.s:107    .text:00000000000000b4 .L0 
     /tmp/cccjKIIF.s:109    .text:00000000000000b8 .L0 
     /tmp/cccjKIIF.s:112    .text:00000000000000bc .L0 
     /tmp/cccjKIIF.s:115    .text:00000000000000c0 .L0 
     /tmp/cccjKIIF.s:117    .text:00000000000000c4 .L0 
     /tmp/cccjKIIF.s:143    .text:00000000000000c4 _ZN3TCB5yieldEv
     /tmp/cccjKIIF.s:146    .text:00000000000000c4 .L0 
     /tmp/cccjKIIF.s:147    .text:00000000000000c4 .L0 
     /tmp/cccjKIIF.s:148    .text:00000000000000c8 .L0 
     /tmp/cccjKIIF.s:150    .text:00000000000000cc .L0 
     /tmp/cccjKIIF.s:152    .text:00000000000000d0 .L0 
     /tmp/cccjKIIF.s:154    .text:00000000000000d0 .L0 
         src/tcb.cpp:17     .text:00000000000000d0 .L0 
     /tmp/cccjKIIF.s:161    .text:00000000000000d4 .L0 
     /tmp/cccjKIIF.s:162    .text:00000000000000d8 .L0 
     /tmp/cccjKIIF.s:163    .text:00000000000000d8 .L0 
     /tmp/cccjKIIF.s:165    .text:00000000000000dc .L0 
     /tmp/cccjKIIF.s:167    .text:00000000000000e0 .L0 
     /tmp/cccjKIIF.s:176    .text:00000000000000e0 .L0 
     /tmp/cccjKIIF.s:177    .text:00000000000000e0 .L0 
     /tmp/cccjKIIF.s:178    .text:00000000000000e4 .L0 
     /tmp/cccjKIIF.s:182    .text:00000000000000f0 .L0 
     /tmp/cccjKIIF.s:183    .text:00000000000000f0 .L0 
     /tmp/cccjKIIF.s:184    .text:00000000000000f0 .L0 
     /tmp/cccjKIIF.s:186    .text:00000000000000f4 .L0 
     /tmp/cccjKIIF.s:188    .text:00000000000000f4 .L0 
GAS LISTING /tmp/cccjKIIF.s 			page 10


     /tmp/cccjKIIF.s:189    .text:00000000000000f4 .L0 
     /tmp/cccjKIIF.s:192    .text:00000000000000fc .L0 
     /tmp/cccjKIIF.s:193    .text:00000000000000fc .L0 
     /tmp/cccjKIIF.s:197    .text:000000000000010c .L0 
     /tmp/cccjKIIF.s:200    .text:0000000000000110 .L0 
     /tmp/cccjKIIF.s:201    .text:0000000000000110 .L0 
     /tmp/cccjKIIF.s:206    .text:0000000000000114 .L0 
     /tmp/cccjKIIF.s:207    .text:0000000000000114 .L0 
     /tmp/cccjKIIF.s:213    .text:000000000000011c .L0 
     /tmp/cccjKIIF.s:214    .text:000000000000011c .L0 
     /tmp/cccjKIIF.s:217    .text:0000000000000124 .L0 
     /tmp/cccjKIIF.s:218    .text:0000000000000128 .L0 
     /tmp/cccjKIIF.s:220    .text:000000000000012c .L0 
     /tmp/cccjKIIF.s:221    .text:000000000000012c .L0 
     /tmp/cccjKIIF.s:223    .text:0000000000000130 .L0 
     /tmp/cccjKIIF.s:225    .text:0000000000000134 .L0 
     /tmp/cccjKIIF.s:227    .text:0000000000000138 .L0 
     /tmp/cccjKIIF.s:233    .text:0000000000000138 _ZN3TCB8dispatchEv
     /tmp/cccjKIIF.s:236    .text:0000000000000138 .L0 
     /tmp/cccjKIIF.s:237    .text:0000000000000138 .L0 
     /tmp/cccjKIIF.s:238    .text:000000000000013c .L0 
     /tmp/cccjKIIF.s:242    .text:0000000000000148 .L0 
     /tmp/cccjKIIF.s:243    .text:0000000000000148 .L0 
     /tmp/cccjKIIF.s:244    .text:0000000000000148 .L0 
     /tmp/cccjKIIF.s:246    .text:000000000000014c .L0 
     /tmp/cccjKIIF.s:248    .text:000000000000014c .L0 
     /tmp/cccjKIIF.s:249    .text:000000000000014c .L0 
     /tmp/cccjKIIF.s:254    .text:0000000000000154 .L0 
     /tmp/cccjKIIF.s:255    .text:0000000000000154 .L0 
     /tmp/cccjKIIF.s:256    .text:0000000000000154 .L0 
     /tmp/cccjKIIF.s:261    .text:0000000000000158 .L0 
     /tmp/cccjKIIF.s:264    .text:000000000000015c .L0 
     /tmp/cccjKIIF.s:265    .text:000000000000015c .L0 
     /tmp/cccjKIIF.s:268    .text:0000000000000164 .L0 
     /tmp/cccjKIIF.s:270    .text:000000000000016c .L0 
     /tmp/cccjKIIF.s:271    .text:000000000000016c .L0 
     /tmp/cccjKIIF.s:276    .text:000000000000017c .L0 
     /tmp/cccjKIIF.s:277    .text:0000000000000180 .L0 
     /tmp/cccjKIIF.s:278    .text:0000000000000180 .L0 
     /tmp/cccjKIIF.s:280    .text:0000000000000184 .L0 
     /tmp/cccjKIIF.s:281    .text:0000000000000184 .L0 
     /tmp/cccjKIIF.s:283    .text:0000000000000188 .L0 
     /tmp/cccjKIIF.s:286    .text:000000000000018c .L0 
     /tmp/cccjKIIF.s:290    .text:0000000000000190 .L0 
     /tmp/cccjKIIF.s:292    .text:0000000000000190 .L0 
     /tmp/cccjKIIF.s:293    .text:0000000000000190 .L0 
     /tmp/cccjKIIF.s:297    .text:00000000000001a0 .L0 
     /tmp/cccjKIIF.s:306    .bss:0000000000000000 _ZN3TCB7runningE
     /tmp/cccjKIIF.s:303    .bss:0000000000000000 .LANCHOR0
     /tmp/cccjKIIF.s:313    .text:00000000000001a0 .L0 
     /tmp/cccjKIIF.s:53     .text:0000000000000048 .L0 
     /tmp/cccjKIIF.s:193    .text:00000000000000fc .L0 
     /tmp/cccjKIIF.s:249    .text:000000000000014c .L0 
     /tmp/cccjKIIF.s:268    .text:0000000000000164 .L0 
     /tmp/cccjKIIF.s:76     .text:000000000000007c .L5
     /tmp/cccjKIIF.s:95     .text:00000000000000a0 .L1
     /tmp/cccjKIIF.s:61     .text:0000000000000060 .L2
GAS LISTING /tmp/cccjKIIF.s 			page 11


     /tmp/cccjKIIF.s:289    .text:0000000000000190 .L15
     /tmp/cccjKIIF.s:262    .text:000000000000015c .L13
     /tmp/cccjKIIF.s:40     .text:0000000000000030 .LEHB0
     /tmp/cccjKIIF.s:10     .text:0000000000000000 .LFB32
     /tmp/cccjKIIF.s:43     .text:0000000000000038 .LEHE0
     /tmp/cccjKIIF.s:70     .text:0000000000000070 .LEHB1
     /tmp/cccjKIIF.s:73     .text:0000000000000078 .LEHE1
     /tmp/cccjKIIF.s:82     .text:0000000000000084 .L6
     /tmp/cccjKIIF.s:91     .text:0000000000000098 .LEHB2
     /tmp/cccjKIIF.s:94     .text:00000000000000a0 .LEHE2
     /tmp/cccjKIIF.s:1150   .debug_abbrev:0000000000000000 .Ldebug_abbrev0
     /tmp/cccjKIIF.s:2373   .debug_str:00000000000004fa .LASF85
     /tmp/cccjKIIF.s:2297   .debug_str:00000000000002eb .LASF86
     /tmp/cccjKIIF.s:2199   .debug_str:0000000000000000 .LASF87
     /tmp/cccjKIIF.s:5      .text:0000000000000000 .Ltext0
     /tmp/cccjKIIF.s:309    .text:00000000000001a0 .Letext0
     /tmp/cccjKIIF.s:2197   .debug_line:0000000000000000 .Ldebug_line0
     /tmp/cccjKIIF.s:2313   .debug_str:0000000000000359 .LASF0
     /tmp/cccjKIIF.s:2321   .debug_str:000000000000037c .LASF1
     /tmp/cccjKIIF.s:2301   .debug_str:00000000000002fe .LASF2
     /tmp/cccjKIIF.s:2279   .debug_str:0000000000000288 .LASF4
     /tmp/cccjKIIF.s:2351   .debug_str:0000000000000448 .LASF3
     /tmp/cccjKIIF.s:2217   .debug_str:0000000000000079 .LASF5
     /tmp/cccjKIIF.s:2323   .debug_str:000000000000038f .LASF6
     /tmp/cccjKIIF.s:2311   .debug_str:0000000000000346 .LASF7
     /tmp/cccjKIIF.s:2377   .debug_str:00000000000005cd .LASF8
     /tmp/cccjKIIF.s:2267   .debug_str:0000000000000200 .LASF9
     /tmp/cccjKIIF.s:2331   .debug_str:00000000000003bc .LASF10
     /tmp/cccjKIIF.s:2375   .debug_str:00000000000005be .LASF11
     /tmp/cccjKIIF.s:2219   .debug_str:0000000000000080 .LASF12
     /tmp/cccjKIIF.s:2203   .debug_str:0000000000000025 .LASF13
     /tmp/cccjKIIF.s:2229   .debug_str:00000000000000e2 .LASF14
     /tmp/cccjKIIF.s:2343   .debug_str:0000000000000400 .LASF15
     /tmp/cccjKIIF.s:2237   .debug_str:0000000000000121 .LASF16
     /tmp/cccjKIIF.s:2329   .debug_str:00000000000003b2 .LASF17
     /tmp/cccjKIIF.s:2257   .debug_str:00000000000001b7 .LASF88
     /tmp/cccjKIIF.s:2275   .debug_str:000000000000024c .LASF89
     /tmp/cccjKIIF.s:2225   .debug_str:00000000000000c0 .LASF90
     /tmp/cccjKIIF.s:2293   .debug_str:00000000000002cb .LASF91
     /tmp/cccjKIIF.s:2209   .debug_str:0000000000000044 .LASF92
     /tmp/cccjKIIF.s:2243   .debug_str:000000000000016d .LASF18
     /tmp/cccjKIIF.s:2337   .debug_str:00000000000003e4 .LASF20
     /tmp/cccjKIIF.s:2325   .debug_str:00000000000003a2 .LASF93
     /tmp/cccjKIIF.s:2265   .debug_str:00000000000001e9 .LASF94
     /tmp/cccjKIIF.s:2303   .debug_str:000000000000030c .LASF19
     /tmp/cccjKIIF.s:2395   .debug_str:000000000000064f .LASF21
     /tmp/cccjKIIF.s:2289   .debug_str:00000000000002b0 .LASF22
     /tmp/cccjKIIF.s:2211   .debug_str:000000000000004c .LASF23
     /tmp/cccjKIIF.s:2339   .debug_str:00000000000003f0 .LASF95
     /tmp/cccjKIIF.s:2345   .debug_str:0000000000000416 .LASF36
     /tmp/cccjKIIF.s:2307   .debug_str:0000000000000322 .LASF38
     /tmp/cccjKIIF.s:2247   .debug_str:000000000000017b .LASF96
     /tmp/cccjKIIF.s:2347   .debug_str:000000000000041c .LASF97
     /tmp/cccjKIIF.s:2283   .debug_str:0000000000000298 .LASF24
     /tmp/cccjKIIF.s:2231   .debug_str:00000000000000ee .LASF25
     /tmp/cccjKIIF.s:2287   .debug_str:00000000000002a8 .LASF26
     /tmp/cccjKIIF.s:2281   .debug_str:000000000000028f .LASF27
GAS LISTING /tmp/cccjKIIF.s 			page 12


     /tmp/cccjKIIF.s:2291   .debug_str:00000000000002bd .LASF29
     /tmp/cccjKIIF.s:2271   .debug_str:0000000000000224 .LASF31
     /tmp/cccjKIIF.s:2381   .debug_str:00000000000005f2 .LASF28
     /tmp/cccjKIIF.s:2277   .debug_str:0000000000000260 .LASF98
     /tmp/cccjKIIF.s:2317   .debug_str:000000000000036d .LASF30
     /tmp/cccjKIIF.s:2253   .debug_str:000000000000019f .LASF32
     /tmp/cccjKIIF.s:2255   .debug_str:00000000000001b2 .LASF33
     /tmp/cccjKIIF.s:2327   .debug_str:00000000000003ad .LASF34
     /tmp/cccjKIIF.s:2319   .debug_str:0000000000000376 .LASF35
     /tmp/cccjKIIF.s:2341   .debug_str:00000000000003f5 .LASF37
     /tmp/cccjKIIF.s:2389   .debug_str:0000000000000624 .LASF39
     /tmp/cccjKIIF.s:2205   .debug_str:0000000000000035 .LASF40
     /tmp/cccjKIIF.s:2363   .debug_str:00000000000004a1 .LASF43
     /tmp/cccjKIIF.s:2245   .debug_str:0000000000000172 .LASF41
     /tmp/cccjKIIF.s:2233   .debug_str:00000000000000f4 .LASF46
     /tmp/cccjKIIF.s:2353   .debug_str:000000000000045a .LASF42
     /tmp/cccjKIIF.s:2335   .debug_str:00000000000003d1 .LASF44
     /tmp/cccjKIIF.s:2371   .debug_str:00000000000004f3 .LASF45
     /tmp/cccjKIIF.s:2367   .debug_str:00000000000004ce .LASF47
     /tmp/cccjKIIF.s:2261   .debug_str:00000000000001db .LASF48
     /tmp/cccjKIIF.s:2239   .debug_str:0000000000000137 .LASF49
     /tmp/cccjKIIF.s:2201   .debug_str:000000000000001d .LASF50
     /tmp/cccjKIIF.s:2355   .debug_str:0000000000000461 .LASF51
     /tmp/cccjKIIF.s:2249   .debug_str:0000000000000183 .LASF52
     /tmp/cccjKIIF.s:2221   .debug_str:0000000000000090 .LASF53
     /tmp/cccjKIIF.s:2393   .debug_str:0000000000000647 .LASF54
     /tmp/cccjKIIF.s:2251   .debug_str:000000000000018b .LASF55
     /tmp/cccjKIIF.s:2315   .debug_str:0000000000000366 .LASF56
     /tmp/cccjKIIF.s:2385   .debug_str:000000000000060c .LASF57
     /tmp/cccjKIIF.s:2215   .debug_str:0000000000000072 .LASF58
     /tmp/cccjKIIF.s:2259   .debug_str:00000000000001c8 .LASF59
     /tmp/cccjKIIF.s:2263   .debug_str:00000000000001e3 .LASF60
     /tmp/cccjKIIF.s:2369   .debug_str:00000000000004e1 .LASF61
     /tmp/cccjKIIF.s:2213   .debug_str:000000000000006c .LASF62
     /tmp/cccjKIIF.s:2399   .debug_str:0000000000000677 .LASF63
     /tmp/cccjKIIF.s:2391   .debug_str:000000000000063c .LASF64
     /tmp/cccjKIIF.s:2349   .debug_str:0000000000000430 .LASF65
     /tmp/cccjKIIF.s:2285   .debug_str:000000000000029d .LASF66
     /tmp/cccjKIIF.s:2365   .debug_str:00000000000004b6 .LASF67
     /tmp/cccjKIIF.s:2227   .debug_str:00000000000000d8 .LASF68
     /tmp/cccjKIIF.s:2295   .debug_str:00000000000002d5 .LASF69
     /tmp/cccjKIIF.s:2305   .debug_str:0000000000000318 .LASF70
     /tmp/cccjKIIF.s:2269   .debug_str:000000000000020e .LASF71
     /tmp/cccjKIIF.s:2357   .debug_str:0000000000000475 .LASF72
     /tmp/cccjKIIF.s:2223   .debug_str:00000000000000a4 .LASF73
     /tmp/cccjKIIF.s:2379   .debug_str:00000000000005dd .LASF74
     /tmp/cccjKIIF.s:2241   .debug_str:000000000000014b .LASF75
     /tmp/cccjKIIF.s:2397   .debug_str:0000000000000666 .LASF99
     /tmp/cccjKIIF.s:174    .text:00000000000000e0 .LFB35
     /tmp/cccjKIIF.s:228    .text:0000000000000138 .LFE35
     /tmp/cccjKIIF.s:203    .text:0000000000000114 .LBB11
     /tmp/cccjKIIF.s:211    .text:000000000000011c .LBE11
     /tmp/cccjKIIF.s:2002   .debug_loc:0000000000000000 .LLST7
     /tmp/cccjKIIF.s:2010   .debug_loc:0000000000000024 .LLST8
     /tmp/cccjKIIF.s:190    .text:00000000000000fc .LVL14
     /tmp/cccjKIIF.s:215    .text:0000000000000124 .LVL18
     /tmp/cccjKIIF.s:234    .text:0000000000000138 .LFB34
GAS LISTING /tmp/cccjKIIF.s 			page 13


     /tmp/cccjKIIF.s:298    .text:00000000000001a0 .LFE34
     /tmp/cccjKIIF.s:2017   .debug_loc:0000000000000047 .LLST9
     /tmp/cccjKIIF.s:252    .text:0000000000000154 .LBB13
     /tmp/cccjKIIF.s:259    .text:0000000000000158 .LBE13
     /tmp/cccjKIIF.s:2028   .debug_loc:000000000000007d .LLST10
     /tmp/cccjKIIF.s:266    .text:0000000000000164 .LVL21
     /tmp/cccjKIIF.s:274    .text:000000000000017c .LVL22
     /tmp/cccjKIIF.s:295    .text:000000000000019c .LVL25
     /tmp/cccjKIIF.s:144    .text:00000000000000c4 .LFB33
     /tmp/cccjKIIF.s:168    .text:00000000000000e0 .LFE33
     /tmp/cccjKIIF.s:118    .text:00000000000000c4 .LFE32
     /tmp/cccjKIIF.s:2035   .debug_loc:00000000000000a0 .LLST0
     /tmp/cccjKIIF.s:2053   .debug_loc:00000000000000ec .LLST1
     /tmp/cccjKIIF.s:2383   .debug_str:0000000000000600 .LASF76
     /tmp/cccjKIIF.s:2071   .debug_loc:0000000000000138 .LLST2
     /tmp/cccjKIIF.s:46     .text:000000000000003c .LBB9
     /tmp/cccjKIIF.s:85     .text:0000000000000088 .LBE9
     /tmp/cccjKIIF.s:2110   .debug_loc:00000000000001d5 .LLST3
     /tmp/cccjKIIF.s:2145   .debug_loc:000000000000025f .LLST4
     /tmp/cccjKIIF.s:2159   .debug_loc:0000000000000298 .LLST5
     /tmp/cccjKIIF.s:2173   .debug_loc:00000000000002d1 .LLST6
     /tmp/cccjKIIF.s:72     .text:0000000000000078 .LVL5
     /tmp/cccjKIIF.s:42     .text:0000000000000038 .LVL2
     /tmp/cccjKIIF.s:89     .text:0000000000000094 .LVL9
     /tmp/cccjKIIF.s:93     .text:00000000000000a0 .LVL10
     /tmp/cccjKIIF.s:2387   .debug_str:000000000000061f .LASF77
     /tmp/cccjKIIF.s:2309   .debug_str:0000000000000332 .LASF100
     /tmp/cccjKIIF.s:2333   .debug_str:00000000000003cb .LASF78
     /tmp/cccjKIIF.s:2207   .debug_str:000000000000003e .LASF79
     /tmp/cccjKIIF.s:2361   .debug_str:0000000000000494 .LASF81
     /tmp/cccjKIIF.s:2299   .debug_str:00000000000002f7 .LASF80
     /tmp/cccjKIIF.s:2359   .debug_str:0000000000000484 .LASF82
     /tmp/cccjKIIF.s:2273   .debug_str:000000000000023d .LASF83
     /tmp/cccjKIIF.s:2235   .debug_str:0000000000000109 .LASF84
     /tmp/cccjKIIF.s:202    .text:0000000000000114 .LVL16
     /tmp/cccjKIIF.s:209    .text:000000000000011c .LVL17
     /tmp/cccjKIIF.s:250    .text:0000000000000154 .LVL19
     /tmp/cccjKIIF.s:284    .text:0000000000000188 .LVL23
     /tmp/cccjKIIF.s:288    .text:0000000000000190 .LVL24
     /tmp/cccjKIIF.s:257    .text:0000000000000158 .LVL20
     /tmp/cccjKIIF.s:16     .text:0000000000000000 .LVL0
     /tmp/cccjKIIF.s:39     .text:0000000000000030 .LVL1
     /tmp/cccjKIIF.s:110    .text:00000000000000b8 .LVL12
     /tmp/cccjKIIF.s:113    .text:00000000000000bc .LVL13
     /tmp/cccjKIIF.s:60     .text:0000000000000060 .LVL4
     /tmp/cccjKIIF.s:75     .text:000000000000007c .LVL6
     /tmp/cccjKIIF.s:79     .text:0000000000000080 .LVL7
     /tmp/cccjKIIF.s:81     .text:0000000000000084 .LVL8
     /tmp/cccjKIIF.s:45     .text:000000000000003c .LVL3
     /tmp/cccjKIIF.s:105    .text:00000000000000b0 .LVL11
     /tmp/cccjKIIF.s:314    .debug_info:0000000000000000 .Ldebug_info0
     /tmp/cccjKIIF.s:121    .gcc_except_table:0000000000000000 .LLSDA32

UNDEFINED SYMBOLS
_Znwm
_ZN9Scheduler3putEP3TCB
_ZdlPv
GAS LISTING /tmp/cccjKIIF.s 			page 14


_Unwind_Resume
__gxx_personality_v0
_ZN5Riscv10popSppSpieEv
_ZN9Scheduler3getEv
_ZN3TCB13contextSwitchEPNS_7ContextES1_
